E:\USERS\XIEDEPING\DOCUMENTS\VISUAL STUDIO 2012\PROJECTS\REDBLACKTREE\REDBLACKTREE\DEBUG-RECURSION\MAIN.OBJ
E:\USERS\XIEDEPING\DOCUMENTS\VISUAL STUDIO 2012\PROJECTS\REDBLACKTREE\REDBLACKTREE\DEBUG-RECURSION\TREE.OBJ
E:\USERS\XIEDEPING\DOCUMENTS\VISUAL STUDIO 2012\PROJECTS\REDBLACKTREE\REDBLACKTREE\DEBUG-RECURSION\VC110.PDB
e:\Users\XieDeping\Documents\Visual Studio 2012\Projects\RedBlackTree\RedBlackTree\Debug-Recursion\main.obj
e:\Users\XieDeping\Documents\Visual Studio 2012\Projects\RedBlackTree\RedBlackTree\Debug-Recursion\tree.obj
e:\Users\XieDeping\Documents\Visual Studio 2012\Projects\RedBlackTree\RedBlackTree\Debug-Recursion\cl.command.1.tlog
e:\Users\XieDeping\Documents\Visual Studio 2012\Projects\RedBlackTree\RedBlackTree\Debug-Recursion\CL.read.1.tlog
e:\Users\XieDeping\Documents\Visual Studio 2012\Projects\RedBlackTree\RedBlackTree\Debug-Recursion\CL.write.1.tlog
e:\Users\XieDeping\Documents\Visual Studio 2012\Projects\RedBlackTree\RedBlackTree\Debug-Recursion\link-cvtres.read.1.tlog
e:\Users\XieDeping\Documents\Visual Studio 2012\Projects\RedBlackTree\RedBlackTree\Debug-Recursion\link-cvtres.write.1.tlog
e:\Users\XieDeping\Documents\Visual Studio 2012\Projects\RedBlackTree\RedBlackTree\Debug-Recursion\link-rc.read.1.tlog
e:\Users\XieDeping\Documents\Visual Studio 2012\Projects\RedBlackTree\RedBlackTree\Debug-Recursion\link-rc.write.1.tlog
e:\Users\XieDeping\Documents\Visual Studio 2012\Projects\RedBlackTree\RedBlackTree\Debug-Recursion\link.11076-cvtres.read.1.tlog
e:\Users\XieDeping\Documents\Visual Studio 2012\Projects\RedBlackTree\RedBlackTree\Debug-Recursion\link.11076-cvtres.write.1.tlog
e:\Users\XieDeping\Documents\Visual Studio 2012\Projects\RedBlackTree\RedBlackTree\Debug-Recursion\link.11076-rc.read.1.tlog
e:\Users\XieDeping\Documents\Visual Studio 2012\Projects\RedBlackTree\RedBlackTree\Debug-Recursion\link.11076-rc.write.1.tlog
e:\Users\XieDeping\Documents\Visual Studio 2012\Projects\RedBlackTree\RedBlackTree\Debug-Recursion\link.11076.read.1.tlog
e:\Users\XieDeping\Documents\Visual Studio 2012\Projects\RedBlackTree\RedBlackTree\Debug-Recursion\link.11076.write.1.tlog
e:\Users\XieDeping\Documents\Visual Studio 2012\Projects\RedBlackTree\RedBlackTree\Debug-Recursion\link.command.1.tlog
e:\Users\XieDeping\Documents\Visual Studio 2012\Projects\RedBlackTree\RedBlackTree\Debug-Recursion\link.read.1.tlog
e:\Users\XieDeping\Documents\Visual Studio 2012\Projects\RedBlackTree\RedBlackTree\Debug-Recursion\link.write.1.tlog
e:\Users\XieDeping\Documents\Visual Studio 2012\Projects\RedBlackTree\RedBlackTree\Debug-Recursion\vc110.idb
e:\Users\XieDeping\Documents\Visual Studio 2012\Projects\RedBlackTree\RedBlackTree\Debug-Recursion\vc110.pdb
e:\Users\XieDeping\Documents\Visual Studio 2012\Projects\RedBlackTree\Debug-Recursion\RedBlackTree.pdb
